[Mon May 19 12:14:48.774 2014] [10230] listening on all interfaces, port=9312
[Mon May 19 12:14:48.785 2014] [10230] WARNING: index 'compromisos_index': preload: failed to open index/log_busquedas.sph: No such file or directory; NOT SERVING
[Mon May 19 12:14:48.785 2014] [10230] FATAL: no valid indexes to serve
[Mon May 19 12:15:00.510 2014] [10241] listening on all interfaces, port=9312
[Mon May 19 12:15:00.512 2014] [10242] accepting connections
[Mon May 19 13:11:53.515 2014] [10242] caught SIGHUP (seamless=1, in queue=1)
[Mon May 19 13:11:53.518 2014] [10242] rotating index 'compromisos_index': success
[Mon May 19 13:11:53.518 2014] [10242] rotating finished
[Mon May 19 13:12:54.026 2014] [10242] caught SIGHUP (seamless=1, in queue=1)
[Mon May 19 13:12:54.030 2014] [10242] rotating index 'compromisos_index': success
[Mon May 19 13:12:54.030 2014] [10242] rotating finished
[Mon May 19 14:59:51.346 2014] [10242] caught SIGHUP (seamless=1, in queue=1)
[Mon May 19 14:59:51.349 2014] [10242] rotating index 'compromisos_index': success
[Mon May 19 14:59:51.349 2014] [10242] rotating finished
[Mon May 19 15:01:25.906 2014] [10242] caught SIGHUP (seamless=1, in queue=1)
[Mon May 19 15:01:25.908 2014] [10242] rotating index 'compromisos_index': success
[Mon May 19 15:01:25.909 2014] [10242] rotating finished
[Mon May 19 15:32:49.066 2014] [10242] caught SIGHUP (seamless=1, in queue=1)
[Mon May 19 15:32:49.069 2014] [10242] rotating index 'compromisos_index': success
[Mon May 19 15:32:49.070 2014] [10242] rotating finished
[Mon May 19 15:33:32.835 2014] [10242] caught SIGHUP (seamless=1, in queue=1)
[Mon May 19 15:33:32.840 2014] [10242] rotating index 'compromisos_index': success
[Mon May 19 15:33:32.840 2014] [10242] rotating finished
